PRT1
218
363
4 0 11 (1272 416 56 ) (1272 416 120 ) (1272 480 120 ) (1272 480 56 ) 
4 1 11 (1272 320 56 ) (1272 320 120 ) (1272 384 120 ) (1272 384 56 ) 
4 2 11 (1272 224 56 ) (1272 224 120 ) (1272 288 120 ) (1272 288 56 ) 
4 3 7 (1256 496 56 ) (1256 496 120 ) (1192 496 120 ) (1192 496 56 ) 
4 4 9 (1160 496 56 ) (1160 496 120 ) (1096 496 120 ) (1096 496 56 ) 
4 5 55 (1024 512 120 ) (1024 512 56 ) (1024 496 56 ) (1024 496 120 ) 
4 5 9 (1024 496 120 ) (1024 496 56 ) (1064 496 56 ) (1064 496 120 ) 
3 6 13 (1268 488 40 ) (1264 488 40 ) (1264 488 32 ) 
4 6 11 (1272 488 40 ) (1272 488 176 ) (1264 488 176 ) (1264 488 40 ) 
3 6 8 (1264 488 32 ) (1264 488 40 ) (1264 492 40 ) 
4 6 7 (1264 488 40 ) (1264 488 176 ) (1264 496 176 ) (1264 496 40 ) 
4 7 15 (1192 488 176 ) (1184 488 176 ) (1184 488 40 ) (1192 488 40 ) 
4 7 11 (1264 488 40 ) (1264 488 176 ) (1192 488 176 ) (1192 488 40 ) 
4 7 8 (1184 488 40 ) (1184 492 40 ) (1264 492 40 ) (1264 488 40 ) 
4 8 15 (1192 488 40 ) (1184 488 40 ) (1184 488 32 ) (1192 488 32 ) 
4 8 14 (1264 488 32 ) (1264 488 40 ) (1192 488 40 ) (1192 488 32 ) 
4 9 65 (1024 496 176 ) (1024 496 40 ) (1024 488 40 ) (1024 488 176 ) 
4 9 17 (1168 488 40 ) (1168 488 176 ) (1024 488 176 ) (1024 488 40 ) 
4 9 10 (1168 492 40 ) (1168 488 40 ) (1024 488 40 ) (1024 492 40 ) 
3 10 66 (1024 488 32 ) (1024 488 40 ) (1024 492 40 ) 
4 10 17 (1168 488 32 ) (1168 488 40 ) (1024 488 40 ) (1024 488 32 ) 
4 11 15 (1192 488 176 ) (1192 488 40 ) (1192 216 40 ) (1192 216 176 ) 
4 11 13 (1264 488 40 ) (1268 488 40 ) (1268 216 40 ) (1264 216 40 ) 
4 11 14 (1192 216 40 ) (1192 488 40 ) (1264 488 40 ) (1264 216 40 ) 
4 11 12 (1192 216 104 ) (1192 216 40 ) (1272 216 40 ) (1272 216 104 ) 
4 12 18 (1272 208 40 ) (1272 208 104 ) (1192 208 104 ) (1192 208 40 ) 
4 12 13 (1268 208 40 ) (1264 208 40 ) (1264 216 40 ) (1268 216 40 ) 
4 12 14 (1264 208 40 ) (1192 208 40 ) (1192 216 40 ) (1264 216 40 ) 
3 13 18 (1268 208 40 ) (1264 208 40 ) (1264 208 32 ) 
4 13 14 (1264 208 32 ) (1264 208 40 ) (1264 488 40 ) (1264 488 32 ) 
4 14 18 (1192 208 8 ) (1264 208 8 ) (1264 208 40 ) (1192 208 40 ) 
4 14 15 (1192 488 40 ) (1192 488 8 ) (1192 216 8 ) (1192 216 40 ) 
4 15 16 (1184 480 8 ) (1184 216 8 ) (1184 216 176 ) (1184 480 176 ) 
4 16 17 (1168 480 8 ) (1168 216 8 ) (1168 216 176 ) (1168 480 176 ) 
4 17 84 (1024 312 8 ) (1024 304 8 ) (1024 304 104 ) (1024 312 104 ) 
4 17 83 (1024 304 104 ) (1024 304 176 ) (1024 312 176 ) (1024 312 104 ) 
4 17 86 (1024 304 8 ) (1024 216 8 ) (1024 216 176 ) (1024 304 176 ) 
4 17 67 (1024 488 8 ) (1024 312 8 ) (1024 312 176 ) (1024 488 176 ) 
4 18 19 (1272 184 8 ) (1272 184 104 ) (1192 184 104 ) (1192 184 8 ) 
4 19 24 (1216 68 12 ) (1216 68 30 ) (1196 68 30 ) (1196 68 12 ) 
4 19 23 (1216 68 34 ) (1216 68 54 ) (1196 68 54 ) (1196 68 34 ) 
4 19 22 (1216 68 58 ) (1216 68 78 ) (1196 68 78 ) (1196 68 58 ) 
4 19 21 (1216 68 82 ) (1216 68 100 ) (1196 68 100 ) (1196 68 82 ) 
4 19 20 (1220 68 8 ) (1268 68 8 ) (1268 68 104 ) (1220 68 104 ) 
4 20 25 (1220 60 8 ) (1268 60 8 ) (1268 60 104 ) (1220 60 104 ) 
4 21 25 (1216 60 82 ) (1216 60 100 ) (1196 60 100 ) (1196 60 82 ) 
4 22 25 (1216 60 58 ) (1216 60 78 ) (1196 60 78 ) (1196 60 58 ) 
4 23 25 (1216 60 34 ) (1216 60 54 ) (1196 60 54 ) (1196 60 34 ) 
4 24 25 (1216 60 12 ) (1216 60 30 ) (1196 60 30 ) (1196 60 12 ) 
4 25 27 (1192 0 112 ) (1192 0 8 ) (1272 0 8 ) (1272 0 112 ) 
4 26 93 (1024 40 136 ) (1024 72 136 ) (1024 72 8 ) (1024 40 8 ) 
4 26 91 (1024 72 136 ) (1024 120 136 ) (1024 120 8 ) (1024 72 8 ) 
4 26 90 (1024 120 136 ) (1024 208 136 ) (1024 208 8 ) (1024 120 8 ) 
4 27 33 (1192 -80 8 ) (1272 -80 8 ) (1272 -80 104 ) (1192 -80 104 ) 
4 27 31 (1272 -80 104 ) (1272 -80 112 ) (1192 -80 112 ) (1192 -80 104 ) 
4 28 34 (1392 -192 136 ) (1288 -192 136 ) (1288 -192 114 ) (1392 -192 114 ) 
4 28 30 (1280 -192 114 ) (1280 -80 114 ) (1400 -80 114 ) (1400 -192 114 ) 
4 29 30 (1400 -184 114 ) (1400 -88 114 ) (1400 -88 8 ) (1400 -184 8 ) 
4 30 34 (1288 -192 8 ) (1392 -192 8 ) (1392 -192 114 ) (1288 -192 114 ) 
4 30 32 (1280 -88 8 ) (1280 -184 8 ) (1280 -184 104 ) (1280 -88 104 ) 
4 31 130 (1024 -192 136 ) (1024 -80 136 ) (1024 -80 104 ) (1024 -192 104 ) 
4 31 41 (1144 -192 136 ) (1032 -192 136 ) (1032 -192 104 ) (1144 -192 104 ) 
4 31 40 (1160 -192 136 ) (1144 -192 136 ) (1144 -192 104 ) (1160 -192 104 ) 
4 31 36 (1264 -192 136 ) (1168 -192 136 ) (1168 -192 104 ) (1264 -192 104 ) 
4 31 39 (1168 -192 136 ) (1160 -192 136 ) (1160 -192 104 ) (1168 -192 104 ) 
4 31 35 (1272 -192 136 ) (1264 -192 136 ) (1264 -192 104 ) (1272 -192 104 ) 
4 31 33 (1024 -80 104 ) (1272 -80 104 ) (1272 -192 104 ) (1024 -192 104 ) 
4 32 33 (1272 -184 104 ) (1272 -88 104 ) (1272 -88 8 ) (1272 -184 8 ) 
4 33 131 (1024 -80 104 ) (1024 -80 8 ) (1024 -192 8 ) (1024 -192 104 ) 
4 33 41 (1032 -192 8 ) (1144 -192 8 ) (1144 -192 104 ) (1032 -192 104 ) 
4 33 40 (1144 -192 8 ) (1160 -192 8 ) (1160 -192 104 ) (1144 -192 104 ) 
4 33 36 (1168 -192 8 ) (1264 -192 8 ) (1264 -192 104 ) (1168 -192 104 ) 
4 33 39 (1160 -192 8 ) (1168 -192 8 ) (1168 -192 104 ) (1160 -192 104 ) 
4 33 35 (1264 -192 8 ) (1272 -192 8 ) (1272 -192 104 ) (1264 -192 104 ) 
4 34 44 (1360 -216 56 ) (1360 -216 112 ) (1320 -216 112 ) (1320 -216 56 ) 
3 35 38 (1264 -212 40 ) (1264 -208 40 ) (1264 -208 32 ) 
4 35 37 (1264 -216 40 ) (1264 -216 136 ) (1264 -208 136 ) (1264 -208 40 ) 
4 35 36 (1264 -192 136 ) (1264 -192 8 ) (1264 -208 8 ) (1264 -208 136 ) 
4 36 38 (1168 -208 40 ) (1168 -208 32 ) (1264 -208 32 ) (1264 -208 40 ) 
4 36 37 (1168 -208 136 ) (1168 -208 40 ) (1264 -208 40 ) (1264 -208 136 ) 
4 36 39 (1168 -192 136 ) (1168 -192 8 ) (1168 -208 8 ) (1168 -208 136 ) 
4 37 45 (1176 -216 112 ) (1176 -216 56 ) (1216 -216 56 ) (1216 -216 112 ) 
4 37 38 (1168 -212 40 ) (1168 -208 40 ) (1264 -208 40 ) (1264 -212 40 ) 
4 37 39 (1168 -216 40 ) (1168 -216 136 ) (1168 -208 136 ) (1168 -208 40 ) 
3 38 39 (1168 -212 40 ) (1168 -208 40 ) (1168 -208 32 ) 
4 39 40 (1160 -192 136 ) (1160 -192 8 ) (1160 -200 8 ) (1160 -200 136 ) 
4 40 41 (1144 -192 136 ) (1144 -192 8 ) (1144 -200 8 ) (1144 -200 136 ) 
4 41 43 (1032 -200 40 ) (1032 -200 32 ) (1144 -200 32 ) (1144 -200 40 ) 
4 41 42 (1032 -200 136 ) (1032 -200 40 ) (1144 -200 40 ) (1144 -200 136 ) 
4 42 43 (1032 -204 40 ) (1032 -200 40 ) (1144 -200 40 ) (1144 -204 40 ) 
4 46 49 (1400 -88 -88 ) (1400 -88 -184 ) (1400 -184 -184 ) (1400 -184 -88 ) 
4 46 47 (1400 -184 -78 ) (1400 -88 -78 ) (1400 -88 -88 ) (1400 -184 -88 ) 
4 47 52 (1392 -192 -56 ) (1288 -192 -56 ) (1288 -192 -88 ) (1392 -192 -88 ) 
4 47 49 (1280 -80 -88 ) (1400 -80 -88 ) (1400 -192 -88 ) (1280 -192 -88 ) 
4 48 190 (1024 -192 -56 ) (1024 -80 -56 ) (1024 -80 -88 ) (1024 -192 -88 ) 
4 48 53 (1272 -192 -56 ) (1024 -192 -56 ) (1024 -192 -88 ) (1272 -192 -88 ) 
4 48 51 (1024 -80 -88 ) (1272 -80 -88 ) (1272 -192 -88 ) (1024 -192 -88 ) 
4 49 52 (1288 -192 -184 ) (1392 -192 -184 ) (1392 -192 -88 ) (1288 -192 -88 ) 
4 49 50 (1280 -184 -88 ) (1280 -88 -88 ) (1280 -88 -184 ) (1280 -184 -184 ) 
4 50 51 (1272 -184 -88 ) (1272 -88 -88 ) (1272 -88 -184 ) (1272 -184 -184 ) 
4 51 190 (1024 -80 -88 ) (1024 -80 -184 ) (1024 -192 -184 ) (1024 -192 -88 ) 
4 51 53 (1024 -192 -184 ) (1272 -192 -184 ) (1272 -192 -88 ) (1024 -192 -88 ) 
4 52 54 (1360 -216 -136 ) (1360 -216 -80 ) (1320 -216 -80 ) (1320 -216 -136 ) 
4 53 190 (1024 -208 -56 ) (1024 -192 -56 ) (1024 -192 -184 ) (1024 -208 -184 ) 
4 55 65 (1024 496 56 ) (1024 496 120 ) (1000 496 120 ) (1000 496 56 ) 
4 56 65 (968 496 56 ) (968 496 120 ) (904 496 120 ) (904 496 56 ) 
4 57 69 (872 496 56 ) (872 496 120 ) (808 496 120 ) (808 496 56 ) 
4 58 69 (776 496 56 ) (776 496 120 ) (712 496 120 ) (712 496 56 ) 
4 59 69 (680 496 56 ) (680 496 120 ) (616 496 120 ) (616 496 56 ) 
4 60 73 (584 496 56 ) (584 496 120 ) (520 496 120 ) (520 496 56 ) 
4 61 73 (488 496 56 ) (488 496 120 ) (424 496 120 ) (424 496 56 ) 
4 62 73 (392 496 56 ) (392 496 120 ) (328 496 120 ) (328 496 56 ) 
4 63 77 (296 496 56 ) (296 496 120 ) (232 496 120 ) (232 496 56 ) 
4 64 77 (200 496 56 ) (200 496 120 ) (136 496 120 ) (136 496 56 ) 
4 65 66 (1024 488 40 ) (896 488 40 ) (896 492 40 ) (1024 492 40 ) 
4 65 67 (896 488 176 ) (896 488 40 ) (1024 488 40 ) (1024 488 176 ) 
4 66 67 (896 488 40 ) (896 488 32 ) (1024 488 32 ) (1024 488 40 ) 
4 67 84 (896 312 8 ) (1024 312 8 ) (1024 312 104 ) (896 312 104 ) 
4 67 83 (1024 312 104 ) (1024 312 176 ) (896 312 176 ) (896 312 104 ) 
4 67 68 (896 312 8 ) (896 312 176 ) (896 480 176 ) (896 480 8 ) 
4 68 84 (880 312 8 ) (896 312 8 ) (896 312 104 ) (880 312 104 ) 
4 68 83 (896 312 104 ) (896 312 176 ) (880 312 176 ) (880 312 104 ) 
4 68 71 (880 312 8 ) (880 312 176 ) (880 480 176 ) (880 480 8 ) 
4 69 70 (880 488 40 ) (608 488 40 ) (608 492 40 ) (880 492 40 ) 
4 69 71 (608 488 176 ) (608 488 40 ) (880 488 40 ) (880 488 176 ) 
4 70 71 (608 488 40 ) (608 488 32 ) (880 488 32 ) (880 488 40 ) 
4 71 84 (608 312 8 ) (880 312 8 ) (880 312 104 ) (608 312 104 ) 
4 71 83 (880 312 104 ) (880 312 176 ) (608 312 176 ) (608 312 104 ) 
4 71 72 (608 312 8 ) (608 312 176 ) (608 480 176 ) (608 480 8 ) 
4 72 84 (592 312 8 ) (608 312 8 ) (608 312 104 ) (592 312 104 ) 
4 72 83 (608 312 104 ) (608 312 176 ) (592 312 176 ) (592 312 104 ) 
4 72 75 (592 312 8 ) (592 312 176 ) (592 480 176 ) (592 480 8 ) 
4 73 74 (592 488 40 ) (320 488 40 ) (320 492 40 ) (592 492 40 ) 
4 73 75 (320 488 176 ) (320 488 40 ) (592 488 40 ) (592 488 176 ) 
4 74 75 (320 488 40 ) (320 488 32 ) (592 488 32 ) (592 488 40 ) 
4 75 84 (320 312 8 ) (592 312 8 ) (592 312 104 ) (320 312 104 ) 
4 75 83 (592 312 104 ) (592 312 176 ) (320 312 176 ) (320 312 104 ) 
4 75 76 (320 312 8 ) (320 312 176 ) (320 480 176 ) (320 480 8 ) 
4 76 84 (304 312 8 ) (320 312 8 ) (320 312 104 ) (304 312 104 ) 
4 76 83 (320 312 104 ) (320 312 176 ) (304 312 176 ) (304 312 104 ) 
4 76 79 (304 312 8 ) (304 312 176 ) (304 480 176 ) (304 480 8 ) 
4 77 80 (104 496 104 ) (104 496 56 ) (104 488 56 ) (104 488 104 ) 
4 77 78 (304 488 40 ) (104 488 40 ) (104 492 40 ) (304 492 40 ) 
4 77 79 (104 488 176 ) (104 488 40 ) (304 488 40 ) (304 488 176 ) 
4 78 79 (104 488 40 ) (104 488 32 ) (304 488 32 ) (304 488 40 ) 
4 79 84 (104 312 8 ) (304 312 8 ) (304 312 104 ) (104 312 104 ) 
4 79 83 (304 312 104 ) (304 312 176 ) (104 312 176 ) (104 312 104 ) 
4 79 80 (104 312 56 ) (104 312 104 ) (104 488 104 ) (104 488 56 ) 
4 80 81 (72 312 56 ) (72 312 104 ) (72 496 104 ) (72 496 56 ) 
4 81 82 (64 312 8 ) (64 312 104 ) (64 496 104 ) (64 496 8 ) 
4 82 115 (0 496 136 ) (0 496 8 ) (0 312 8 ) (0 312 136 ) 
4 82 85 (0 312 8 ) (40 312 8 ) (40 312 104 ) (0 312 104 ) 
4 83 84 (1024 304 104 ) (104 304 104 ) (104 312 104 ) (1024 312 104 ) 
4 83 86 (1024 304 104 ) (1024 304 176 ) (104 304 176 ) (104 304 104 ) 
4 84 86 (104 304 8 ) (1024 304 8 ) (1024 304 104 ) (104 304 104 ) 
4 85 116 (0 312 8 ) (0 304 8 ) (0 304 104 ) (0 312 104 ) 
4 85 86 (0 304 8 ) (40 304 8 ) (40 304 104 ) (0 304 104 ) 
4 86 117 (0 304 8 ) (0 216 8 ) (0 216 176 ) (0 304 176 ) 
4 86 89 (0 216 8 ) (24 216 8 ) (24 216 112 ) (0 216 112 ) 
4 86 88 (184 216 8 ) (504 216 8 ) (504 216 104 ) (184 216 104 ) 
4 86 87 (568 216 8 ) (888 216 8 ) (888 216 104 ) (568 216 104 ) 
4 87 95 (888 208 48 ) (888 208 104 ) (568 208 104 ) (568 208 48 ) 
4 88 97 (184 208 8 ) (400 208 8 ) (400 208 104 ) (184 208 104 ) 
4 88 96 (400 208 8 ) (504 208 8 ) (504 208 104 ) (400 208 104 ) 
4 89 118 (0 216 112 ) (0 216 8 ) (0 208 8 ) (0 208 112 ) 
4 89 113 (0 208 112 ) (0 208 8 ) (24 208 8 ) (24 208 112 ) 
4 90 91 (896 120 8 ) (1024 120 8 ) (1024 120 136 ) (896 120 136 ) 
4 91 93 (896 72 8 ) (1024 72 8 ) (1024 72 136 ) (896 72 136 ) 
4 91 92 (896 120 104 ) (896 120 8 ) (896 72 8 ) (896 72 104 ) 
4 92 101 (888 120 104 ) (888 120 8 ) (888 72 8 ) (888 72 104 ) 
4 94 120 (928 0 136 ) (888 0 136 ) (888 0 8 ) (928 0 8 ) 
4 94 106 (888 0 136 ) (888 32 136 ) (888 32 8 ) (888 0 8 ) 
4 95 99 (888 168 48 ) (888 168 104 ) (568 168 104 ) (568 168 48 ) 
4 96 100 (404 168 8 ) (500 168 8 ) (500 168 104 ) (404 168 104 ) 
4 96 98 (400 168 48 ) (400 168 104 ) (400 200 104 ) (400 200 48 ) 
4 96 97 (400 200 104 ) (400 208 104 ) (400 208 8 ) (400 200 8 ) 
4 97 98 (400 200 48 ) (400 200 104 ) (184 200 104 ) (184 200 48 ) 
4 99 101 (568 160 8 ) (888 160 8 ) (888 160 104 ) (568 160 104 ) 
4 100 103 (404 160 8 ) (500 160 8 ) (500 160 104 ) (404 160 104 ) 
4 101 106 (568 64 8 ) (888 64 8 ) (888 64 136 ) (568 64 136 ) 
4 101 102 (568 136 8 ) (568 64 8 ) (568 64 136 ) (568 136 136 ) 
4 102 106 (504 64 8 ) (568 64 8 ) (568 64 136 ) (504 64 136 ) 
4 102 103 (504 136 8 ) (504 64 8 ) (504 64 136 ) (504 136 136 ) 
4 103 106 (368 64 8 ) (504 64 8 ) (504 64 136 ) (368 64 136 ) 
4 104 105 (196 72 8 ) (244 72 8 ) (244 72 104 ) (196 72 104 ) 
4 105 106 (196 64 8 ) (244 64 8 ) (244 64 104 ) (196 64 104 ) 
4 106 121 (504 0 136 ) (192 0 136 ) (192 0 8 ) (504 0 8 ) 
4 106 120 (888 0 136 ) (504 0 136 ) (504 0 8 ) (888 0 8 ) 
4 106 107 (192 56 8 ) (192 0 8 ) (192 0 136 ) (192 56 136 ) 
4 107 121 (192 0 136 ) (184 0 136 ) (184 0 8 ) (192 0 8 ) 
4 107 108 (184 0 136 ) (184 56 136 ) (184 56 8 ) (184 0 8 ) 
4 108 121 (184 0 136 ) (176 0 136 ) (176 0 8 ) (184 0 8 ) 
4 108 109 (176 0 136 ) (176 56 136 ) (176 56 8 ) (176 0 8 ) 
4 109 124 (176 0 136 ) (56 0 136 ) (56 0 8 ) (176 0 8 ) 
4 109 110 (56 0 136 ) (56 208 136 ) (56 208 56 ) (56 0 56 ) 
4 110 125 (56 0 136 ) (32 0 136 ) (32 0 56 ) (56 0 56 ) 
4 110 112 (32 168 104 ) (32 168 56 ) (32 64 56 ) (32 64 104 ) 
4 111 112 (30 64 104 ) (26 64 104 ) (26 168 104 ) (30 168 104 ) 
4 112 114 (24 168 104 ) (24 168 56 ) (24 64 56 ) (24 64 104 ) 
4 113 118 (0 208 112 ) (0 208 8 ) (0 200 8 ) (0 200 112 ) 
4 113 114 (0 200 8 ) (24 200 8 ) (24 200 112 ) (0 200 112 ) 
4 114 126 (0 0 120 ) (0 0 8 ) (24 0 8 ) (24 0 120 ) 
4 114 119 (0 0 8 ) (0 0 120 ) (0 200 120 ) (0 200 8 ) 
4 115 116 (-8 312 8 ) (0 312 8 ) (0 312 104 ) (-8 312 104 ) 
4 116 117 (-8 304 8 ) (0 304 8 ) (0 304 104 ) (-8 304 104 ) 
4 117 118 (-72 216 112 ) (-72 216 8 ) (0 216 8 ) (0 216 112 ) 
4 118 119 (-72 200 8 ) (0 200 8 ) (0 200 112 ) (-72 200 112 ) 
4 119 204 (0 0 8 ) (0 0 120 ) (-72 0 120 ) (-72 0 8 ) 
4 120 122 (504 -16 8 ) (928 -16 8 ) (928 -16 136 ) (504 -16 136 ) 
4 120 121 (504 0 8 ) (504 -8 8 ) (504 -8 136 ) (504 0 136 ) 
4 121 124 (176 0 8 ) (176 -8 8 ) (176 -8 136 ) (176 0 136 ) 
4 122 127 (780 -72 8 ) (828 -72 8 ) (828 -72 104 ) (780 -72 104 ) 
4 123 154 (392 -72 8 ) (376 -72 8 ) (376 -16 8 ) (392 -16 8 ) 
4 123 155 (376 -72 8 ) (184 -72 8 ) (184 -16 8 ) (376 -16 8 ) 
4 123 128 (184 -72 8 ) (496 -72 8 ) (496 -72 136 ) (184 -72 136 ) 
4 124 125 (56 -72 56 ) (56 -72 136 ) (56 0 136 ) (56 0 56 ) 
4 126 207 (0 -16 8 ) (0 -72 8 ) (0 -72 120 ) (0 -16 120 ) 
4 126 205 (0 -8 8 ) (0 -16 8 ) (0 -16 120 ) (0 -8 120 ) 
4 126 204 (0 0 120 ) (0 0 8 ) (0 -8 8 ) (0 -8 120 ) 
4 126 129 (0 -72 8 ) (24 -72 8 ) (24 -72 120 ) (0 -72 120 ) 
4 127 131 (780 -80 8 ) (828 -80 8 ) (828 -80 104 ) (780 -80 104 ) 
4 128 138 (184 -80 8 ) (272 -80 8 ) (272 -80 136 ) (184 -80 136 ) 
4 128 137 (272 -80 8 ) (288 -80 8 ) (288 -80 136 ) (272 -80 136 ) 
4 128 134 (288 -80 8 ) (496 -80 8 ) (496 -80 136 ) (288 -80 136 ) 
4 129 209 (0 -72 8 ) (0 -80 8 ) (0 -80 120 ) (0 -72 120 ) 
4 129 142 (0 -80 8 ) (8 -80 8 ) (8 -80 120 ) (0 -80 120 ) 
4 129 139 (8 -80 8 ) (24 -80 8 ) (24 -80 120 ) (8 -80 120 ) 
4 130 133 (648 -192 104 ) (776 -192 104 ) (776 -192 136 ) (648 -192 136 ) 
4 130 131 (1024 -192 104 ) (552 -192 104 ) (552 -80 104 ) (1024 -80 104 ) 
4 131 133 (648 -192 8 ) (776 -192 8 ) (776 -192 104 ) (648 -192 104 ) 
4 131 132 (552 -184 104 ) (552 -88 104 ) (552 -88 8 ) (552 -184 8 ) 
4 132 134 (544 -88 8 ) (544 -184 8 ) (544 -184 104 ) (544 -88 104 ) 
4 133 143 (648 -208 8 ) (776 -208 8 ) (776 -208 136 ) (648 -208 136 ) 
4 134 137 (288 -80 136 ) (288 -80 8 ) (288 -192 8 ) (288 -192 136 ) 
4 134 136 (288 -200 40 ) (288 -200 32 ) (544 -200 32 ) (544 -200 40 ) 
4 134 135 (288 -200 136 ) (288 -200 40 ) (544 -200 40 ) (544 -200 136 ) 
4 135 144 (336 -208 112 ) (336 -208 56 ) (376 -208 56 ) (376 -208 112 ) 
4 135 136 (288 -204 40 ) (288 -200 40 ) (544 -200 40 ) (544 -204 40 ) 
4 137 138 (272 -80 136 ) (272 -80 8 ) (272 -192 8 ) (272 -192 136 ) 
4 138 145 (128 -208 8 ) (240 -208 8 ) (240 -208 115 ) (128 -208 115 ) 
3 138 141 (96 -204 40 ) (96 -200 40 ) (96 -200 32 ) 
4 138 140 (96 -208 40 ) (96 -208 136 ) (96 -200 136 ) (96 -200 40 ) 
4 138 139 (96 -80 136 ) (96 -80 8 ) (96 -200 8 ) (96 -200 136 ) 
4 139 142 (8 -80 136 ) (8 -80 8 ) (8 -192 8 ) (8 -192 136 ) 
4 139 141 (8 -200 40 ) (8 -200 32 ) (96 -200 32 ) (96 -200 40 ) 
4 139 140 (8 -200 136 ) (8 -200 40 ) (96 -200 40 ) (96 -200 136 ) 
4 140 147 (96 -208 56 ) (96 -208 112 ) (56 -208 112 ) (56 -208 56 ) 
4 140 141 (8 -204 40 ) (8 -200 40 ) (96 -200 40 ) (96 -204 40 ) 
4 142 212 (0 -80 8 ) (0 -192 8 ) (0 -192 136 ) (0 -80 136 ) 
4 143 148 (648 -232 8 ) (776 -232 8 ) (776 -232 136 ) (648 -232 136 ) 
4 145 146 (232 -216 115 ) (136 -216 115 ) (136 -216 8 ) (232 -216 8 ) 
4 148 153 (652 -296 8 ) (700 -296 8 ) (700 -296 104 ) (652 -296 104 ) 
4 148 151 (724 -296 34 ) (724 -296 54 ) (704 -296 54 ) (704 -296 34 ) 
4 148 152 (724 -296 12 ) (724 -296 30 ) (704 -296 30 ) (704 -296 12 ) 
4 148 150 (724 -296 58 ) (724 -296 78 ) (704 -296 78 ) (704 -296 58 ) 
4 148 149 (724 -296 82 ) (724 -296 100 ) (704 -296 100 ) (704 -296 82 ) 
4 154 155 (376 -16 8 ) (376 -16 4 ) (376 -72 4 ) (376 -72 8 ) 
4 155 179 (200 -72 0 ) (184 -72 0 ) (184 -16 0 ) (200 -16 0 ) 
4 155 177 (216 -72 0 ) (200 -72 0 ) (200 -16 0 ) (216 -16 0 ) 
4 155 175 (232 -72 0 ) (216 -72 0 ) (216 -16 0 ) (232 -16 0 ) 
4 155 173 (248 -72 0 ) (232 -72 0 ) (232 -16 0 ) (248 -16 0 ) 
4 155 171 (264 -72 0 ) (248 -72 0 ) (248 -16 0 ) (264 -16 0 ) 
4 155 169 (280 -72 0 ) (264 -72 0 ) (264 -16 0 ) (280 -16 0 ) 
4 155 167 (296 -72 0 ) (280 -72 0 ) (280 -16 0 ) (296 -16 0 ) 
4 155 165 (312 -72 0 ) (296 -72 0 ) (296 -16 0 ) (312 -16 0 ) 
4 155 163 (328 -72 0 ) (312 -72 0 ) (312 -16 0 ) (328 -16 0 ) 
4 155 161 (344 -72 0 ) (328 -72 0 ) (328 -16 0 ) (344 -16 0 ) 
4 155 159 (360 -72 0 ) (344 -72 0 ) (344 -16 0 ) (360 -16 0 ) 
4 155 157 (376 -72 0 ) (360 -72 0 ) (360 -16 0 ) (376 -16 0 ) 
4 156 157 (376 -72 -8 ) (376 -72 0 ) (376 -16 0 ) (376 -16 -8 ) 
4 156 158 (376 -72 -184 ) (376 -72 -12 ) (376 -16 -12 ) (376 -16 -184 ) 
4 157 159 (360 -72 -8 ) (360 -72 0 ) (360 -16 0 ) (360 -16 -8 ) 
4 158 159 (360 -72 -20 ) (360 -72 -12 ) (360 -16 -12 ) (360 -16 -20 ) 
4 158 160 (360 -72 -184 ) (360 -72 -24 ) (360 -16 -24 ) (360 -16 -184 ) 
4 159 161 (344 -72 -20 ) (344 -72 0 ) (344 -16 0 ) (344 -16 -20 ) 
4 160 161 (344 -72 -32 ) (344 -72 -24 ) (344 -16 -24 ) (344 -16 -32 ) 
4 160 162 (344 -72 -184 ) (344 -72 -36 ) (344 -16 -36 ) (344 -16 -184 ) 
4 161 163 (328 -72 -32 ) (328 -72 0 ) (328 -16 0 ) (328 -16 -32 ) 
4 162 163 (328 -72 -44 ) (328 -72 -36 ) (328 -16 -36 ) (328 -16 -44 ) 
4 162 164 (328 -72 -184 ) (328 -72 -48 ) (328 -16 -48 ) (328 -16 -184 ) 
4 163 165 (312 -72 -44 ) (312 -72 0 ) (312 -16 0 ) (312 -16 -44 ) 
4 164 165 (312 -72 -56 ) (312 -72 -48 ) (312 -16 -48 ) (312 -16 -56 ) 
4 164 166 (312 -72 -184 ) (312 -72 -60 ) (312 -16 -60 ) (312 -16 -184 ) 
4 165 167 (296 -72 -56 ) (296 -72 0 ) (296 -16 0 ) (296 -16 -56 ) 
4 166 167 (296 -72 -68 ) (296 -72 -60 ) (296 -16 -60 ) (296 -16 -68 ) 
4 166 168 (296 -72 -184 ) (296 -72 -72 ) (296 -16 -72 ) (296 -16 -184 ) 
4 167 169 (280 -72 -68 ) (280 -72 0 ) (280 -16 0 ) (280 -16 -68 ) 
4 168 169 (280 -72 -80 ) (280 -72 -72 ) (280 -16 -72 ) (280 -16 -80 ) 
4 168 170 (280 -72 -184 ) (280 -72 -84 ) (280 -16 -84 ) (280 -16 -184 ) 
4 169 171 (264 -72 -80 ) (264 -72 0 ) (264 -16 0 ) (264 -16 -80 ) 
4 170 171 (264 -72 -92 ) (264 -72 -84 ) (264 -16 -84 ) (264 -16 -92 ) 
4 170 172 (264 -72 -184 ) (264 -72 -96 ) (264 -16 -96 ) (264 -16 -184 ) 
4 171 173 (248 -72 -92 ) (248 -72 0 ) (248 -16 0 ) (248 -16 -92 ) 
4 172 173 (248 -72 -104 ) (248 -72 -96 ) (248 -16 -96 ) (248 -16 -104 ) 
4 172 174 (248 -72 -184 ) (248 -72 -108 ) (248 -16 -108 ) (248 -16 -184 ) 
4 173 175 (232 -72 -104 ) (232 -72 0 ) (232 -16 0 ) (232 -16 -104 ) 
4 174 175 (232 -72 -116 ) (232 -72 -108 ) (232 -16 -108 ) (232 -16 -116 ) 
4 174 176 (232 -72 -184 ) (232 -72 -120 ) (232 -16 -120 ) (232 -16 -184 ) 
4 175 177 (216 -72 -116 ) (216 -72 0 ) (216 -16 0 ) (216 -16 -116 ) 
4 176 177 (216 -72 -128 ) (216 -72 -120 ) (216 -16 -120 ) (216 -16 -128 ) 
4 176 178 (216 -72 -184 ) (216 -72 -132 ) (216 -16 -132 ) (216 -16 -184 ) 
4 177 189 (208 -72 -64 ) (200 -72 -64 ) (200 -72 -128 ) (208 -72 -128 ) 
4 177 179 (200 -72 -128 ) (200 -72 0 ) (200 -16 0 ) (200 -16 -128 ) 
4 178 189 (200 -72 -184 ) (208 -72 -184 ) (208 -72 -132 ) (200 -72 -132 ) 
4 178 179 (200 -72 -140 ) (200 -72 -132 ) (200 -16 -132 ) (200 -16 -140 ) 
4 178 180 (200 -72 -184 ) (200 -72 -144 ) (200 -16 -144 ) (200 -16 -184 ) 
4 179 189 (200 -72 -140 ) (200 -72 -64 ) (184 -72 -64 ) (184 -72 -140 ) 
4 179 182 (184 -72 -140 ) (184 -72 -56 ) (184 -16 -56 ) (184 -16 -140 ) 
4 179 181 (184 -72 -56 ) (184 -72 -24 ) (184 -16 -24 ) (184 -16 -56 ) 
4 180 189 (184 -72 -184 ) (200 -72 -184 ) (200 -72 -144 ) (184 -72 -144 ) 
4 180 182 (184 -72 -152 ) (184 -72 -144 ) (184 -16 -144 ) (184 -16 -152 ) 
4 180 183 (184 -72 -184 ) (184 -72 -156 ) (184 -16 -156 ) (184 -16 -184 ) 
4 181 186 (136 -16 -56 ) (152 -16 -56 ) (152 -72 -56 ) (136 -72 -56 ) 
4 181 188 (128 -16 -56 ) (136 -16 -56 ) (136 -72 -56 ) (128 -72 -56 ) 
4 181 184 (152 -16 -56 ) (168 -16 -56 ) (168 -72 -56 ) (152 -72 -56 ) 
4 181 182 (168 -16 -56 ) (184 -16 -56 ) (184 -72 -56 ) (168 -72 -56 ) 
4 182 189 (184 -72 -152 ) (184 -72 -64 ) (168 -72 -64 ) (168 -72 -152 ) 
4 182 184 (168 -72 -152 ) (168 -72 -56 ) (168 -16 -56 ) (168 -16 -152 ) 
4 183 189 (168 -72 -184 ) (184 -72 -184 ) (184 -72 -156 ) (168 -72 -156 ) 
4 183 184 (168 -72 -164 ) (168 -72 -156 ) (168 -16 -156 ) (168 -16 -164 ) 
4 183 185 (168 -72 -184 ) (168 -72 -168 ) (168 -16 -168 ) (168 -16 -184 ) 
4 184 189 (168 -72 -164 ) (168 -72 -64 ) (152 -72 -64 ) (152 -72 -164 ) 
4 184 186 (152 -72 -164 ) (152 -72 -56 ) (152 -16 -56 ) (152 -16 -164 ) 
4 185 189 (152 -72 -184 ) (168 -72 -184 ) (168 -72 -168 ) (152 -72 -168 ) 
4 185 186 (152 -72 -176 ) (152 -72 -168 ) (152 -16 -168 ) (152 -16 -176 ) 
4 185 187 (152 -72 -184 ) (152 -72 -180 ) (152 -16 -180 ) (152 -16 -184 ) 
4 186 189 (152 -72 -176 ) (152 -72 -64 ) (136 -72 -64 ) (136 -72 -176 ) 
4 186 188 (136 -72 -176 ) (136 -72 -56 ) (136 -16 -56 ) (136 -16 -176 ) 
4 187 189 (136 -72 -184 ) (152 -72 -184 ) (152 -72 -180 ) (136 -72 -180 ) 
4 187 188 (136 -72 -184 ) (136 -72 -180 ) (136 -16 -180 ) (136 -16 -184 ) 
4 188 208 (0 -16 -184 ) (0 -72 -184 ) (0 -72 -56 ) (0 -16 -56 ) 
4 188 189 (0 -72 -184 ) (136 -72 -184 ) (136 -72 -64 ) (0 -72 -64 ) 
4 189 210 (0 -72 -184 ) (0 -80 -184 ) (0 -80 -64 ) (0 -72 -64 ) 
4 189 193 (0 -80 -184 ) (8 -80 -184 ) (8 -80 -64 ) (0 -80 -64 ) 
4 189 192 (8 -80 -184 ) (208 -80 -184 ) (208 -80 -64 ) (8 -80 -64 ) 
4 190 194 (648 -208 -184 ) (776 -208 -184 ) (776 -208 -56 ) (648 -208 -56 ) 
4 190 191 (312 -88 -184 ) (312 -184 -184 ) (312 -184 -88 ) (312 -88 -88 ) 
4 191 192 (304 -88 -184 ) (304 -184 -184 ) (304 -184 -88 ) (304 -88 -88 ) 
4 192 197 (96 -208 -136 ) (96 -208 -80 ) (56 -208 -80 ) (56 -208 -136 ) 
4 192 195 (128 -208 -184 ) (240 -208 -184 ) (240 -208 -77 ) (128 -208 -77 ) 
4 192 193 (8 -80 -56 ) (8 -80 -184 ) (8 -192 -184 ) (8 -192 -56 ) 
4 193 215 (0 -80 -184 ) (0 -192 -184 ) (0 -192 -56 ) (0 -80 -56 ) 
4 194 198 (648 -232 -184 ) (776 -232 -184 ) (776 -232 -56 ) (648 -232 -56 ) 
4 195 196 (232 -216 -77 ) (136 -216 -77 ) (136 -216 -184 ) (232 -216 -184 ) 
4 198 203 (652 -296 -184 ) (700 -296 -184 ) (700 -296 -88 ) (652 -296 -88 ) 
4 198 201 (724 -296 -158 ) (724 -296 -138 ) (704 -296 -138 ) (704 -296 -158 ) 
4 198 202 (724 -296 -180 ) (724 -296 -162 ) (704 -296 -162 ) (704 -296 -180 ) 
4 198 200 (724 -296 -134 ) (724 -296 -114 ) (704 -296 -114 ) (704 -296 -134 ) 
4 198 199 (724 -296 -110 ) (724 -296 -92 ) (704 -296 -92 ) (704 -296 -110 ) 
4 204 205 (-72 -8 120 ) (-72 -8 8 ) (0 -8 8 ) (0 -8 120 ) 
4 205 207 (-72 -16 120 ) (-72 -16 8 ) (0 -16 8 ) (0 -16 120 ) 
4 206 208 (-52 -16 -184 ) (-4 -16 -184 ) (-4 -16 -88 ) (-52 -16 -88 ) 
4 207 209 (-72 -72 120 ) (-72 -72 8 ) (0 -72 8 ) (0 -72 120 ) 
4 208 210 (0 -72 -184 ) (0 -72 -64 ) (-64 -72 -64 ) (-64 -72 -184 ) 
4 209 212 (0 -80 8 ) (0 -80 120 ) (-8 -80 120 ) (-8 -80 8 ) 
4 209 213 (-8 -80 120 ) (-72 -80 120 ) (-72 -80 8 ) (-8 -80 8 ) 
4 210 215 (0 -80 -184 ) (0 -80 -64 ) (-8 -80 -64 ) (-8 -80 -184 ) 
4 210 216 (-8 -80 -64 ) (-64 -80 -64 ) (-64 -80 -184 ) (-8 -80 -184 ) 
4 211 216 (-76 -80 -88 ) (-124 -80 -88 ) (-124 -80 -184 ) (-76 -80 -184 ) 
4 212 213 (-8 -80 8 ) (-8 -192 8 ) (-8 -192 136 ) (-8 -80 136 ) 
4 213 214 (-72 -88 8 ) (-72 -184 8 ) (-72 -184 104 ) (-72 -88 104 ) 
4 215 216 (-8 -80 -184 ) (-8 -192 -184 ) (-8 -192 -56 ) (-8 -80 -56 ) 
4 216 217 (-192 -88 -184 ) (-192 -184 -184 ) (-192 -184 -88 ) (-192 -88 -88 ) 
